  [1m[35m (0.1ms)[0m  [1m[34mSELECT sqlite_version(*)[0m
  ↳ /home/lmcgovern/.rvm/rubies/ruby-2.6.0/lib/ruby/gems/2.6.0/gems/rake-12.3.2/lib/rake/task.rb:273
  [1m[35m (83.1ms)[0m  [1m[35mCREATE TABLE "schema_migrations" ("version" varchar NOT NULL PRIMARY KEY)[0m
  ↳ /home/lmcgovern/.rvm/rubies/ruby-2.6.0/lib/ruby/gems/2.6.0/gems/rake-12.3.2/lib/rake/task.rb:273
  [1m[35m (73.7ms)[0m  [1m[35mCREATE TABLE "ar_internal_metadata" ("key" varchar NOT NULL PRIMARY KEY, "value" varchar, "created_at" datetime NOT NULL, "updated_at" datetime NOT NULL)[0m
  ↳ /home/lmcgovern/.rvm/rubies/ruby-2.6.0/lib/ruby/gems/2.6.0/gems/rake-12.3.2/lib/rake/task.rb:273
  [1m[35m (0.1ms)[0m  [1m[34mSELECT "schema_migrations"."version" FROM "schema_migrations" ORDER BY "schema_migrations"."version" ASC[0m
  ↳ /home/lmcgovern/.rvm/rubies/ruby-2.6.0/lib/ruby/gems/2.6.0/gems/rake-12.3.2/lib/rake/task.rb:273
Migrating to CreateDrivers (20190401165720)
  [1m[35m (0.0ms)[0m  [1m[36mbegin transaction[0m
  ↳ /home/lmcgovern/.rvm/rubies/ruby-2.6.0/lib/ruby/gems/2.6.0/gems/rake-12.3.2/lib/rake/task.rb:273
  [1m[35m (0.3ms)[0m  [1m[35mCREATE TABLE "drivers" ("id" integer PRIMARY KEY AUTOINCREMENT NOT NULL, "first" varchar, "last" varchar, "make" varchar, "model" varchar, "plate" varchar, "seats" integer, "available" boolean, "created_at" datetime NOT NULL, "updated_at" datetime NOT NULL)[0m
  ↳ db/migrate/20190401165720_create_drivers.rb:3
  [1m[36mActiveRecord::SchemaMigration Create (0.1ms)[0m  [1m[32mINSERT INTO "schema_migrations" ("version") VALUES (?)[0m  [["version", "20190401165720"]]
  ↳ /home/lmcgovern/.rvm/rubies/ruby-2.6.0/lib/ruby/gems/2.6.0/gems/rake-12.3.2/lib/rake/task.rb:273
  [1m[35m (82.0ms)[0m  [1m[36mcommit transaction[0m
  ↳ /home/lmcgovern/.rvm/rubies/ruby-2.6.0/lib/ruby/gems/2.6.0/gems/rake-12.3.2/lib/rake/task.rb:273
Migrating to CreateRiders (20190401170223)
  [1m[35m (0.0ms)[0m  [1m[36mbegin transaction[0m
  ↳ /home/lmcgovern/.rvm/rubies/ruby-2.6.0/lib/ruby/gems/2.6.0/gems/rake-12.3.2/lib/rake/task.rb:273
  [1m[35m (0.2ms)[0m  [1m[35mCREATE TABLE "riders" ("id" integer PRIMARY KEY AUTOINCREMENT NOT NULL, "first" varchar, "last" varchar, "destination" text, "created_at" datetime NOT NULL, "updated_at" datetime NOT NULL)[0m
  ↳ db/migrate/20190401170223_create_riders.rb:3
  [1m[36mActiveRecord::SchemaMigration Create (0.1ms)[0m  [1m[32mINSERT INTO "schema_migrations" ("version") VALUES (?)[0m  [["version", "20190401170223"]]
  ↳ /home/lmcgovern/.rvm/rubies/ruby-2.6.0/lib/ruby/gems/2.6.0/gems/rake-12.3.2/lib/rake/task.rb:273
  [1m[35m (73.8ms)[0m  [1m[36mcommit transaction[0m
  ↳ /home/lmcgovern/.rvm/rubies/ruby-2.6.0/lib/ruby/gems/2.6.0/gems/rake-12.3.2/lib/rake/task.rb:273
Migrating to CreateReviews (20190401170316)
  [1m[35m (0.0ms)[0m  [1m[36mbegin transaction[0m
  ↳ /home/lmcgovern/.rvm/rubies/ruby-2.6.0/lib/ruby/gems/2.6.0/gems/rake-12.3.2/lib/rake/task.rb:273
  [1m[35m (0.2ms)[0m  [1m[35mCREATE TABLE "reviews" ("id" integer PRIMARY KEY AUTOINCREMENT NOT NULL, "stars" integer, "description" text, "created_at" datetime NOT NULL, "updated_at" datetime NOT NULL)[0m
  ↳ db/migrate/20190401170316_create_reviews.rb:3
  [1m[36mActiveRecord::SchemaMigration Create (0.1ms)[0m  [1m[32mINSERT INTO "schema_migrations" ("version") VALUES (?)[0m  [["version", "20190401170316"]]
  ↳ /home/lmcgovern/.rvm/rubies/ruby-2.6.0/lib/ruby/gems/2.6.0/gems/rake-12.3.2/lib/rake/task.rb:273
  [1m[35m (72.8ms)[0m  [1m[36mcommit transaction[0m
  ↳ /home/lmcgovern/.rvm/rubies/ruby-2.6.0/lib/ruby/gems/2.6.0/gems/rake-12.3.2/lib/rake/task.rb:273
  [1m[36mActiveRecord::InternalMetadata Load (0.2ms)[0m  [1m[34mSELECT  "ar_internal_metadata".* FROM "ar_internal_metadata" WHERE "ar_internal_metadata"."key" = ? LIMIT ?[0m  [["key", "environment"], ["LIMIT", 1]]
  ↳ /home/lmcgovern/.rvm/rubies/ruby-2.6.0/lib/ruby/gems/2.6.0/gems/rake-12.3.2/lib/rake/task.rb:273
  [1m[35m (0.1ms)[0m  [1m[36mbegin transaction[0m
  ↳ /home/lmcgovern/.rvm/rubies/ruby-2.6.0/lib/ruby/gems/2.6.0/gems/rake-12.3.2/lib/rake/task.rb:273
  [1m[36mActiveRecord::InternalMetadata Create (0.3ms)[0m  [1m[32mINSERT INTO "ar_internal_metadata" ("key", "value", "created_at", "updated_at") VALUES (?, ?, ?, ?)[0m  [["key", "environment"], ["value", "development"], ["created_at", "2019-04-01 17:15:21.335304"], ["updated_at", "2019-04-01 17:15:21.335304"]]
  ↳ /home/lmcgovern/.rvm/rubies/ruby-2.6.0/lib/ruby/gems/2.6.0/gems/rake-12.3.2/lib/rake/task.rb:273
  [1m[35m (59.6ms)[0m  [1m[36mcommit transaction[0m
  ↳ /home/lmcgovern/.rvm/rubies/ruby-2.6.0/lib/ruby/gems/2.6.0/gems/rake-12.3.2/lib/rake/task.rb:273
  [1m[35m (0.2ms)[0m  [1m[34mSELECT "schema_migrations"."version" FROM "schema_migrations" ORDER BY "schema_migrations"."version" ASC[0m
  ↳ /home/lmcgovern/.rvm/rubies/ruby-2.6.0/lib/ruby/gems/2.6.0/gems/rake-12.3.2/lib/rake/task.rb:273
Started GET "/" for 127.0.0.1 at 2019-04-03 11:31:24 -0400
  [1m[35m (0.4ms)[0m  [1m[34mSELECT "schema_migrations"."version" FROM "schema_migrations" ORDER BY "schema_migrations"."version" ASC[0m
  ↳ /home/harrison/.rvm/gems/ruby-2.6.0/gems/activerecord-5.2.3/lib/active_record/log_subscriber.rb:98
  
ActiveRecord::PendingMigrationError (

Migrations are pending. To resolve this issue, run:

        bin/rails db:migrate RAILS_ENV=development

):
  
activerecord (5.2.3) lib/active_record/migration.rb:579:in `check_pending!'
activerecord (5.2.3) lib/active_record/migration.rb:556:in `call'
actionpack (5.2.3) lib/action_dispatch/middleware/callbacks.rb:28:in `block in call'
activesupport (5.2.3) lib/active_support/callbacks.rb:98:in `run_callbacks'
actionpack (5.2.3) lib/action_dispatch/middleware/callbacks.rb:26:in `call'
actionpack (5.2.3) lib/action_dispatch/middleware/executor.rb:14:in `call'
actionpack (5.2.3) lib/action_dispatch/middleware/debug_exceptions.rb:61:in `call'
web-console (3.7.0) lib/web_console/middleware.rb:135:in `call_app'
web-console (3.7.0) lib/web_console/middleware.rb:30:in `block in call'
web-console (3.7.0) lib/web_console/middleware.rb:20:in `catch'
web-console (3.7.0) lib/web_console/middleware.rb:20:in `call'
actionpack (5.2.3) lib/action_dispatch/middleware/show_exceptions.rb:33:in `call'
railties (5.2.3) lib/rails/rack/logger.rb:38:in `call_app'
railties (5.2.3) lib/rails/rack/logger.rb:26:in `block in call'
activesupport (5.2.3) lib/active_support/tagged_logging.rb:71:in `block in tagged'
activesupport (5.2.3) lib/active_support/tagged_logging.rb:28:in `tagged'
activesupport (5.2.3) lib/active_support/tagged_logging.rb:71:in `tagged'
railties (5.2.3) lib/rails/rack/logger.rb:26:in `call'
sprockets-rails (3.2.1) lib/sprockets/rails/quiet_assets.rb:13:in `call'
actionpack (5.2.3) lib/action_dispatch/middleware/remote_ip.rb:81:in `call'
actionpack (5.2.3) lib/action_dispatch/middleware/request_id.rb:27:in `call'
rack (2.0.6) lib/rack/method_override.rb:22:in `call'
rack (2.0.6) lib/rack/runtime.rb:22:in `call'
activesupport (5.2.3) lib/active_support/cache/strategy/local_cache_middleware.rb:29:in `call'
actionpack (5.2.3) lib/action_dispatch/middleware/executor.rb:14:in `call'
actionpack (5.2.3) lib/action_dispatch/middleware/static.rb:127:in `call'
rack (2.0.6) lib/rack/sendfile.rb:111:in `call'
railties (5.2.3) lib/rails/engine.rb:524:in `call'
puma (3.12.1) lib/puma/configuration.rb:227:in `call'
puma (3.12.1) lib/puma/server.rb:660:in `handle_request'
puma (3.12.1) lib/puma/server.rb:474:in `process_client'
puma (3.12.1) lib/puma/server.rb:334:in `block in run'
puma (3.12.1) lib/puma/thread_pool.rb:135:in `block in spawn_thread'
  [1m[35m (0.5ms)[0m  [1m[34mSELECT "schema_migrations"."version" FROM "schema_migrations" ORDER BY "schema_migrations"."version" ASC[0m
  ↳ /home/harrison/.rvm/rubies/ruby-2.6.0/lib/ruby/gems/2.6.0/gems/rake-12.3.2/lib/rake/task.rb:273
Migrating to DeviseCreateUsers (20190401173251)
  [1m[35m (0.1ms)[0m  [1m[36mbegin transaction[0m
  ↳ /home/harrison/.rvm/rubies/ruby-2.6.0/lib/ruby/gems/2.6.0/gems/rake-12.3.2/lib/rake/task.rb:273
  [1m[35m (0.2ms)[0m  [1m[34mSELECT sqlite_version(*)[0m
  ↳ db/migrate/20190401173251_devise_create_users.rb:5
  [1m[35m (4.2ms)[0m  [1m[35mCREATE TABLE "users" ("id" integer PRIMARY KEY AUTOINCREMENT NOT NULL, "email" varchar DEFAULT '' NOT NULL, "encrypted_password" varchar DEFAULT '' NOT NULL, "reset_password_token" varchar, "reset_password_sent_at" datetime, "remember_created_at" datetime, "created_at" datetime NOT NULL, "updated_at" datetime NOT NULL)[0m
  ↳ db/migrate/20190401173251_devise_create_users.rb:5
  [1m[35m (0.5ms)[0m  [1m[35mCREATE UNIQUE INDEX "index_users_on_email" ON "users" ("email")[0m
  ↳ db/migrate/20190401173251_devise_create_users.rb:39
  [1m[35m (0.5ms)[0m  [1m[35mCREATE UNIQUE INDEX "index_users_on_reset_password_token" ON "users" ("reset_password_token")[0m
  ↳ db/migrate/20190401173251_devise_create_users.rb:40
  [1m[36mActiveRecord::SchemaMigration Create (0.7ms)[0m  [1m[32mINSERT INTO "schema_migrations" ("version") VALUES (?)[0m  [["version", "20190401173251"]]
  ↳ /home/harrison/.rvm/rubies/ruby-2.6.0/lib/ruby/gems/2.6.0/gems/rake-12.3.2/lib/rake/task.rb:273
  [1m[35m (41.5ms)[0m  [1m[36mcommit transaction[0m
  ↳ /home/harrison/.rvm/rubies/ruby-2.6.0/lib/ruby/gems/2.6.0/gems/rake-12.3.2/lib/rake/task.rb:273
  [1m[36mActiveRecord::InternalMetadata Load (0.8ms)[0m  [1m[34mSELECT  "ar_internal_metadata".* FROM "ar_internal_metadata" WHERE "ar_internal_metadata"."key" = ? LIMIT ?[0m  [["key", "environment"], ["LIMIT", 1]]
  ↳ /home/harrison/.rvm/rubies/ruby-2.6.0/lib/ruby/gems/2.6.0/gems/rake-12.3.2/lib/rake/task.rb:273
  [1m[35m (0.1ms)[0m  [1m[36mbegin transaction[0m
  ↳ /home/harrison/.rvm/rubies/ruby-2.6.0/lib/ruby/gems/2.6.0/gems/rake-12.3.2/lib/rake/task.rb:273
  [1m[35m (0.1ms)[0m  [1m[36mcommit transaction[0m
  ↳ /home/harrison/.rvm/rubies/ruby-2.6.0/lib/ruby/gems/2.6.0/gems/rake-12.3.2/lib/rake/task.rb:273
  [1m[35m (0.5ms)[0m  [1m[34mSELECT "schema_migrations"."version" FROM "schema_migrations" ORDER BY "schema_migrations"."version" ASC[0m
  ↳ /home/harrison/.rvm/rubies/ruby-2.6.0/lib/ruby/gems/2.6.0/gems/rake-12.3.2/lib/rake/task.rb:273
Started GET "/" for ::1 at 2019-04-03 11:39:36 -0400
  [1m[35m (0.4ms)[0m  [1m[34mSELECT "schema_migrations"."version" FROM "schema_migrations" ORDER BY "schema_migrations"."version" ASC[0m
  ↳ /home/harrison/.rvm/gems/ruby-2.6.0/gems/activerecord-5.2.3/lib/active_record/log_subscriber.rb:98
  
ActionController::RoutingError (uninitialized constant Devise::SessionController):
  
bootsnap (1.4.2) lib/bootsnap/load_path_cache/core_ext/active_support.rb:79:in `block in load_missing_constant'
bootsnap (1.4.2) lib/bootsnap/load_path_cache/core_ext/active_support.rb:8:in `without_bootsnap_cache'
bootsnap (1.4.2) lib/bootsnap/load_path_cache/core_ext/active_support.rb:79:in `rescue in load_missing_constant'
bootsnap (1.4.2) lib/bootsnap/load_path_cache/core_ext/active_support.rb:58:in `load_missing_constant'
activesupport (5.2.3) lib/active_support/inflector/methods.rb:285:in `const_get'
activesupport (5.2.3) lib/active_support/inflector/methods.rb:285:in `block in constantize'
activesupport (5.2.3) lib/active_support/inflector/methods.rb:281:in `each'
activesupport (5.2.3) lib/active_support/inflector/methods.rb:281:in `inject'
activesupport (5.2.3) lib/active_support/inflector/methods.rb:281:in `constantize'
actionpack (5.2.3) lib/action_dispatch/http/request.rb:88:in `controller_class_for'
actionpack (5.2.3) lib/action_dispatch/http/request.rb:81:in `controller_class'
actionpack (5.2.3) lib/action_dispatch/routing/route_set.rb:46:in `controller'
actionpack (5.2.3) lib/action_dispatch/routing/route_set.rb:32:in `serve'
actionpack (5.2.3) lib/action_dispatch/journey/router.rb:52:in `block in serve'
actionpack (5.2.3) lib/action_dispatch/journey/router.rb:35:in `each'
actionpack (5.2.3) lib/action_dispatch/journey/router.rb:35:in `serve'
actionpack (5.2.3) lib/action_dispatch/routing/route_set.rb:840:in `call'
warden (1.2.8) lib/warden/manager.rb:36:in `block in call'
warden (1.2.8) lib/warden/manager.rb:34:in `catch'
warden (1.2.8) lib/warden/manager.rb:34:in `call'
rack (2.0.6) lib/rack/tempfile_reaper.rb:15:in `call'
rack (2.0.6) lib/rack/etag.rb:25:in `call'
rack (2.0.6) lib/rack/conditional_get.rb:25:in `call'
rack (2.0.6) lib/rack/head.rb:12:in `call'
actionpack (5.2.3) lib/action_dispatch/http/content_security_policy.rb:18:in `call'
rack (2.0.6) lib/rack/session/abstract/id.rb:232:in `context'
rack (2.0.6) lib/rack/session/abstract/id.rb:226:in `call'
actionpack (5.2.3) lib/action_dispatch/middleware/cookies.rb:670:in `call'
activerecord (5.2.3) lib/active_record/migration.rb:559:in `call'
actionpack (5.2.3) lib/action_dispatch/middleware/callbacks.rb:28:in `block in call'
activesupport (5.2.3) lib/active_support/callbacks.rb:98:in `run_callbacks'
actionpack (5.2.3) lib/action_dispatch/middleware/callbacks.rb:26:in `call'
actionpack (5.2.3) lib/action_dispatch/middleware/executor.rb:14:in `call'
actionpack (5.2.3) lib/action_dispatch/middleware/debug_exceptions.rb:61:in `call'
web-console (3.7.0) lib/web_console/middleware.rb:135:in `call_app'
web-console (3.7.0) lib/web_console/middleware.rb:30:in `block in call'
web-console (3.7.0) lib/web_console/middleware.rb:20:in `catch'
web-console (3.7.0) lib/web_console/middleware.rb:20:in `call'
actionpack (5.2.3) lib/action_dispatch/middleware/show_exceptions.rb:33:in `call'
railties (5.2.3) lib/rails/rack/logger.rb:38:in `call_app'
railties (5.2.3) lib/rails/rack/logger.rb:26:in `block in call'
activesupport (5.2.3) lib/active_support/tagged_logging.rb:71:in `block in tagged'
activesupport (5.2.3) lib/active_support/tagged_logging.rb:28:in `tagged'
activesupport (5.2.3) lib/active_support/tagged_logging.rb:71:in `tagged'
railties (5.2.3) lib/rails/rack/logger.rb:26:in `call'
sprockets-rails (3.2.1) lib/sprockets/rails/quiet_assets.rb:13:in `call'
actionpack (5.2.3) lib/action_dispatch/middleware/remote_ip.rb:81:in `call'
actionpack (5.2.3) lib/action_dispatch/middleware/request_id.rb:27:in `call'
rack (2.0.6) lib/rack/method_override.rb:22:in `call'
rack (2.0.6) lib/rack/runtime.rb:22:in `call'
activesupport (5.2.3) lib/active_support/cache/strategy/local_cache_middleware.rb:29:in `call'
actionpack (5.2.3) lib/action_dispatch/middleware/executor.rb:14:in `call'
actionpack (5.2.3) lib/action_dispatch/middleware/static.rb:127:in `call'
rack (2.0.6) lib/rack/sendfile.rb:111:in `call'
railties (5.2.3) lib/rails/engine.rb:524:in `call'
puma (3.12.1) lib/puma/configuration.rb:227:in `call'
puma (3.12.1) lib/puma/server.rb:660:in `handle_request'
puma (3.12.1) lib/puma/server.rb:474:in `process_client'
puma (3.12.1) lib/puma/server.rb:334:in `block in run'
puma (3.12.1) lib/puma/thread_pool.rb:135:in `block in spawn_thread'
  [1m[35m (0.4ms)[0m  [1m[34mSELECT "schema_migrations"."version" FROM "schema_migrations" ORDER BY "schema_migrations"."version" ASC[0m
  ↳ /home/harrison/.rvm/rubies/ruby-2.6.0/lib/ruby/gems/2.6.0/gems/rake-12.3.2/lib/rake/task.rb:273
Migrating to AddDeviseToUsers (20190403154836)
  [1m[35m (0.1ms)[0m  [1m[36mbegin transaction[0m
  ↳ /home/harrison/.rvm/rubies/ruby-2.6.0/lib/ruby/gems/2.6.0/gems/rake-12.3.2/lib/rake/task.rb:273
  [1m[35m (0.4ms)[0m  [1m[35mALTER TABLE "users" ADD "email" varchar DEFAULT '' NOT NULL[0m
  ↳ db/migrate/20190403154836_add_devise_to_users.rb:7
  [1m[35m (0.7ms)[0m  [1m[31mrollback transaction[0m
  ↳ /home/harrison/.rvm/rubies/ruby-2.6.0/lib/ruby/gems/2.6.0/gems/rake-12.3.2/lib/rake/task.rb:273
  [1m[35m (0.4ms)[0m  [1m[34mSELECT "schema_migrations"."version" FROM "schema_migrations" ORDER BY "schema_migrations"."version" ASC[0m
  ↳ /home/harrison/.rvm/rubies/ruby-2.6.0/lib/ruby/gems/2.6.0/gems/rake-12.3.2/lib/rake/task.rb:273
  [1m[36mActiveRecord::InternalMetadata Load (0.5ms)[0m  [1m[34mSELECT  "ar_internal_metadata".* FROM "ar_internal_metadata" WHERE "ar_internal_metadata"."key" = ? LIMIT ?[0m  [["key", "environment"], ["LIMIT", 1]]
  ↳ /home/harrison/.rvm/rubies/ruby-2.6.0/lib/ruby/gems/2.6.0/gems/rake-12.3.2/lib/rake/task.rb:273
  [1m[35m (0.1ms)[0m  [1m[36mbegin transaction[0m
  ↳ /home/harrison/.rvm/rubies/ruby-2.6.0/lib/ruby/gems/2.6.0/gems/rake-12.3.2/lib/rake/task.rb:273
  [1m[35m (0.1ms)[0m  [1m[36mcommit transaction[0m
  ↳ /home/harrison/.rvm/rubies/ruby-2.6.0/lib/ruby/gems/2.6.0/gems/rake-12.3.2/lib/rake/task.rb:273
  [1m[35m (0.3ms)[0m  [1m[34mSELECT "schema_migrations"."version" FROM "schema_migrations" ORDER BY "schema_migrations"."version" ASC[0m
  ↳ /home/harrison/.rvm/rubies/ruby-2.6.0/lib/ruby/gems/2.6.0/gems/rake-12.3.2/lib/rake/task.rb:273
Started GET "/" for ::1 at 2019-04-03 11:54:03 -0400
  [1m[35m (0.3ms)[0m  [1m[34mSELECT "schema_migrations"."version" FROM "schema_migrations" ORDER BY "schema_migrations"."version" ASC[0m
  ↳ /home/harrison/.rvm/gems/ruby-2.6.0/gems/activerecord-5.2.3/lib/active_record/log_subscriber.rb:98
Processing by PagesController#home as HTML
  Rendering pages/home.html.haml within layouts/application
  Rendered pages/home.html.haml within layouts/application (24.9ms)
  Rendered layouts/_alerts.html.erb (0.5ms)
Completed 200 OK in 3262ms (Views: 3257.7ms | ActiveRecord: 0.0ms)


Started GET "/" for ::1 at 2019-04-03 11:55:15 -0400
Processing by PagesController#home as HTML
  Rendering pages/home.html.haml within layouts/application
  Rendered pages/home.html.haml within layouts/application (1.9ms)
  Rendered layouts/_alerts.html.erb (0.6ms)
Completed 200 OK in 71ms (Views: 68.8ms | ActiveRecord: 0.0ms)


Started GET "/users/sign_up" for ::1 at 2019-04-03 11:55:22 -0400
Processing by Devise::RegistrationsController#new as HTML
  Rendering devise/registrations/new.html.erb within layouts/application
  Rendered devise/shared/_error_messages.html.erb (0.8ms)
  Rendered devise/shared/_links.html.erb (1.4ms)
  Rendered devise/registrations/new.html.erb within layouts/application (273.8ms)
  Rendered layouts/_alerts.html.erb (0.6ms)
Completed 200 OK in 375ms (Views: 356.2ms | ActiveRecord: 2.2ms)


Started POST "/users" for ::1 at 2019-04-03 11:55:42 -0400
Processing by Devise::RegistrationsController#create as HTML
  Parameters: {"utf8"=>"✓", "authenticity_token"=>"8fkV7G1TNjNFULQt0Cw54I6ltNh6WwjwEPDh+9eefJ4ptd5dIzWzsWHTqgDOSlIP70uIkIrOqEoY3e25fnOYpg==", "user"=>{"email"=>"hj@test.com", "password"=>"[FILTERED]", "password_confirmation"=>"[FILTERED]"}, "commit"=>"Sign up"}
  [1m[35m (0.1ms)[0m  [1m[36mbegin transaction[0m
  ↳ /home/harrison/.rvm/gems/ruby-2.6.0/gems/activerecord-5.2.3/lib/active_record/log_subscriber.rb:98
  [1m[36mUser Exists (0.3ms)[0m  [1m[34mSELECT  1 AS one FROM "users" WHERE "users"."email" = ? LIMIT ?[0m  [["email", "hj@test.com"], ["LIMIT", 1]]
  ↳ /home/harrison/.rvm/gems/ruby-2.6.0/gems/activerecord-5.2.3/lib/active_record/log_subscriber.rb:98
  [1m[36mUser Create (4.8ms)[0m  [1m[32mINSERT INTO "users" ("email", "encrypted_password", "created_at", "updated_at") VALUES (?, ?, ?, ?)[0m  [["email", "hj@test.com"], ["encrypted_password", "$2a$11$4QAE.BDBHFmzMGiaGh7vV.EEj/E1s2AKAb6zpLHOwmJu0PxTKZsPa"], ["created_at", "2019-04-03 15:55:43.086190"], ["updated_at", "2019-04-03 15:55:43.086190"]]
  ↳ /home/harrison/.rvm/gems/ruby-2.6.0/gems/activerecord-5.2.3/lib/active_record/log_subscriber.rb:98
  [1m[35m (21.1ms)[0m  [1m[36mcommit transaction[0m
  ↳ /home/harrison/.rvm/gems/ruby-2.6.0/gems/activerecord-5.2.3/lib/active_record/log_subscriber.rb:98
Redirected to http://localhost:3000/
Completed 302 Found in 445ms (ActiveRecord: 26.4ms)


Started GET "/" for ::1 at 2019-04-03 11:55:43 -0400
Processing by PagesController#home as HTML
  Rendering pages/home.html.haml within layouts/application
  Rendered pages/home.html.haml within layouts/application (2.3ms)
  Rendered layouts/_alerts.html.erb (0.6ms)
Completed 200 OK in 62ms (Views: 59.2ms | ActiveRecord: 0.0ms)


Started GET "/" for ::1 at 2019-04-03 11:56:26 -0400
Processing by PagesController#home as HTML
  Rendering pages/home.html.haml within layouts/application
  Rendered pages/home.html.haml within layouts/application (533.8ms)
Completed 500 Internal Server Error in 548ms (ActiveRecord: 0.0ms)


  
ActionView::Template::Error (undefined local variable or method `delete' for #<#<Class:0x00007f8a9830f938>:0x00007f8aacaeb620>):
    3: 
    4: =link_to 'Sign up', new_user_registration_path
    5: 
    6: =link_to 'Sign out', destroy_user_session_path, method: delete
  
app/views/pages/home.html.haml:6:in `_app_views_pages_home_html_haml__4173907063184598792_70116789673760'
Started GET "/" for ::1 at 2019-04-03 11:56:39 -0400
Processing by PagesController#home as HTML
  Rendering pages/home.html.haml within layouts/application
  Rendered pages/home.html.haml within layouts/application (2.6ms)
  Rendered layouts/_alerts.html.erb (0.6ms)
Completed 200 OK in 79ms (Views: 76.6ms | ActiveRecord: 0.0ms)


Started DELETE "/users/sign_out" for ::1 at 2019-04-03 11:56:40 -0400
Processing by Devise::SessionsController#destroy as HTML
  Parameters: {"authenticity_token"=>"QRhr/XRSOgKyibiMZqPYBZ5pXFx0hjR15xPeIZP5r7KZVKBMOjS/gJYKpqF4xbPq/4dgFIQTlM/vPtJjOhRLig=="}
  [1m[36mUser Load (0.5ms)[0m  [1m[34mSELECT  "users".* FROM "users" WHERE "users"."id" = ? ORDER BY "users"."id" ASC LIMIT ?[0m  [["id", 1], ["LIMIT", 1]]
  ↳ /home/harrison/.rvm/gems/ruby-2.6.0/gems/activerecord-5.2.3/lib/active_record/log_subscriber.rb:98
  [1m[35m (0.1ms)[0m  [1m[36mbegin transaction[0m
  ↳ /home/harrison/.rvm/gems/ruby-2.6.0/gems/activerecord-5.2.3/lib/active_record/log_subscriber.rb:98
  [1m[35m (0.0ms)[0m  [1m[36mcommit transaction[0m
  ↳ /home/harrison/.rvm/gems/ruby-2.6.0/gems/activerecord-5.2.3/lib/active_record/log_subscriber.rb:98
Redirected to http://localhost:3000/
Completed 302 Found in 44ms (ActiveRecord: 0.6ms)


Started GET "/" for ::1 at 2019-04-03 11:56:40 -0400
Processing by PagesController#home as HTML
  Rendering pages/home.html.haml within layouts/application
  Rendered pages/home.html.haml within layouts/application (2.6ms)
  Rendered layouts/_alerts.html.erb (0.6ms)
Completed 200 OK in 62ms (Views: 59.1ms | ActiveRecord: 0.0ms)


Started DELETE "/users/sign_out" for ::1 at 2019-04-03 11:56:42 -0400
Processing by Devise::SessionsController#destroy as HTML
  Parameters: {"authenticity_token"=>"8TQvw7oVcgo2diyjKLI4AcSgdi95xnrWA73ymUQDlj86GJc6LRKJAPVQcr/hIZRAK8KhFN8LzxbeV69GtTUZ9g=="}
Redirected to http://localhost:3000/
Filter chain halted as :verify_signed_out_user rendered or redirected
Completed 302 Found in 4ms (ActiveRecord: 0.0ms)


Started GET "/" for ::1 at 2019-04-03 11:56:42 -0400
Processing by PagesController#home as HTML
  Rendering pages/home.html.haml within layouts/application
  Rendered pages/home.html.haml within layouts/application (2.7ms)
  Rendered layouts/_alerts.html.erb (0.5ms)
Completed 200 OK in 68ms (Views: 64.7ms | ActiveRecord: 0.0ms)


Started DELETE "/users/sign_out" for ::1 at 2019-04-03 11:56:42 -0400
Processing by Devise::SessionsController#destroy as HTML
  Parameters: {"authenticity_token"=>"2FvhoBWzy2m7d3prK+YnQUI/vyThI5C856AGoM2b7W0Td1lZgrQwY3hRJHfidYsArV1oH0fuJXw6Slt/PK1ipA=="}
Redirected to http://localhost:3000/
Filter chain halted as :verify_signed_out_user rendered or redirected
Completed 302 Found in 3ms (ActiveRecord: 0.0ms)


Started GET "/" for ::1 at 2019-04-03 11:56:42 -0400
Processing by PagesController#home as HTML
  Rendering pages/home.html.haml within layouts/application
  Rendered pages/home.html.haml within layouts/application (3.0ms)
  Rendered layouts/_alerts.html.erb (37.8ms)
Completed 200 OK in 107ms (Views: 104.7ms | ActiveRecord: 0.0ms)


Started DELETE "/users/sign_out" for ::1 at 2019-04-03 11:56:43 -0400
Processing by Devise::SessionsController#destroy as HTML
  Parameters: {"authenticity_token"=>"9MHBq1oqV4guhOpKu2iKtmbKFsHdQdLw7baT4Ijq6ks/7XlSzS2sgu2itFZy+yb3iajB+nuMZzAwXM4/edxlgg=="}
Redirected to http://localhost:3000/
Filter chain halted as :verify_signed_out_user rendered or redirected
Completed 302 Found in 2ms (ActiveRecord: 0.0ms)


Started GET "/" for ::1 at 2019-04-03 11:56:43 -0400
Processing by PagesController#home as HTML
  Rendering pages/home.html.haml within layouts/application
  Rendered pages/home.html.haml within layouts/application (2.6ms)
  Rendered layouts/_alerts.html.erb (0.5ms)
Completed 200 OK in 59ms (Views: 56.3ms | ActiveRecord: 0.0ms)


Started GET "/" for ::1 at 2019-04-03 11:57:06 -0400
Processing by PagesController#home as HTML
  Rendering pages/home.html.haml within layouts/application
  Rendered pages/home.html.haml within layouts/application (2.1ms)
  Rendered layouts/_alerts.html.erb (0.3ms)
Completed 200 OK in 59ms (Views: 56.5ms | ActiveRecord: 0.0ms)


Started GET "/users/sign_in" for ::1 at 2019-04-03 11:57:07 -0400
Processing by Devise::SessionsController#new as HTML
  Rendering devise/sessions/new.html.erb within layouts/application
  Rendered devise/shared/_links.html.erb (1.6ms)
  Rendered devise/sessions/new.html.erb within layouts/application (53.6ms)
  Rendered layouts/_alerts.html.erb (0.5ms)
Completed 200 OK in 112ms (Views: 108.8ms | ActiveRecord: 0.0ms)


Started POST "/users/sign_in" for ::1 at 2019-04-03 11:57:17 -0400
Processing by Devise::SessionsController#create as HTML
  Parameters: {"utf8"=>"✓", "authenticity_token"=>"euudoQgeTaf1l98DEOjc4LC3sdLGWDyd+be08a6iYvuxxyVYnxm2rTaxgR/Ze3ChX9Vm6WCViV0kXekuX5TtMg==", "user"=>{"email"=>"hj@test.com", "password"=>"[FILTERED]", "remember_me"=>"1"}, "commit"=>"Log in"}
  [1m[36mUser Load (0.3ms)[0m  [1m[34mSELECT  "users".* FROM "users" WHERE "users"."email" = ? ORDER BY "users"."id" ASC LIMIT ?[0m  [["email", "hj@test.com"], ["LIMIT", 1]]
  ↳ /home/harrison/.rvm/gems/ruby-2.6.0/gems/activerecord-5.2.3/lib/active_record/log_subscriber.rb:98
  [1m[35m (0.1ms)[0m  [1m[36mbegin transaction[0m
  ↳ /home/harrison/.rvm/gems/ruby-2.6.0/gems/activerecord-5.2.3/lib/active_record/log_subscriber.rb:98
  [1m[36mUser Update (3.0ms)[0m  [1m[33mUPDATE "users" SET "remember_created_at" = ?, "updated_at" = ? WHERE "users"."id" = ?[0m  [["remember_created_at", "2019-04-03 15:57:18.106463"], ["updated_at", "2019-04-03 15:57:18.108802"], ["id", 1]]
  ↳ /home/harrison/.rvm/gems/ruby-2.6.0/gems/activerecord-5.2.3/lib/active_record/log_subscriber.rb:98
  [1m[35m (15.2ms)[0m  [1m[36mcommit transaction[0m
  ↳ /home/harrison/.rvm/gems/ruby-2.6.0/gems/activerecord-5.2.3/lib/active_record/log_subscriber.rb:98
Redirected to http://localhost:3000/
Completed 302 Found in 275ms (ActiveRecord: 18.7ms)


Started GET "/" for ::1 at 2019-04-03 11:57:18 -0400
Processing by PagesController#home as HTML
  Rendering pages/home.html.haml within layouts/application
  Rendered pages/home.html.haml within layouts/application (1.8ms)
  Rendered layouts/_alerts.html.erb (0.5ms)
Completed 200 OK in 55ms (Views: 52.2ms | ActiveRecord: 0.0ms)


Started GET "/users/sign_in" for ::1 at 2019-04-03 12:04:30 -0400
Processing by Devise::SessionsController#new as HTML
  [1m[36mUser Load (0.4ms)[0m  [1m[34mSELECT  "users".* FROM "users" WHERE "users"."id" = ? ORDER BY "users"."id" ASC LIMIT ?[0m  [["id", 1], ["LIMIT", 1]]
  ↳ /home/harrison/.rvm/gems/ruby-2.6.0/gems/activerecord-5.2.3/lib/active_record/log_subscriber.rb:98
Redirected to http://localhost:3000/
Filter chain halted as :require_no_authentication rendered or redirected
Completed 302 Found in 11ms (ActiveRecord: 0.4ms)


Started GET "/" for ::1 at 2019-04-03 12:04:30 -0400
Processing by PagesController#home as HTML
  Rendering pages/home.html.haml within layouts/application
  Rendered pages/home.html.haml within layouts/application (2.1ms)
  Rendered layouts/_alerts.html.erb (0.5ms)
Completed 200 OK in 57ms (Views: 52.3ms | ActiveRecord: 0.0ms)


Started DELETE "/users/sign_out" for ::1 at 2019-04-03 12:04:32 -0400
Processing by Devise::SessionsController#destroy as HTML
  Parameters: {"authenticity_token"=>"X79DpuUoGLAO4YY2ya/Azd16k423HAtfFt1xfgMFG4mphOu44UEZmRtLPUoQb27wR6EPpAwX1ybxqa5c+mTi1A=="}
  [1m[36mUser Load (0.3ms)[0m  [1m[34mSELECT  "users".* FROM "users" WHERE "users"."id" = ? ORDER BY "users"."id" ASC LIMIT ?[0m  [["id", 1], ["LIMIT", 1]]
  ↳ /home/harrison/.rvm/gems/ruby-2.6.0/gems/activerecord-5.2.3/lib/active_record/log_subscriber.rb:98
  [1m[35m (0.1ms)[0m  [1m[36mbegin transaction[0m
  ↳ /home/harrison/.rvm/gems/ruby-2.6.0/gems/activerecord-5.2.3/lib/active_record/log_subscriber.rb:98
  [1m[36mUser Update (4.6ms)[0m  [1m[33mUPDATE "users" SET "remember_created_at" = ?, "updated_at" = ? WHERE "users"."id" = ?[0m  [["remember_created_at", nil], ["updated_at", "2019-04-03 16:04:32.840737"], ["id", 1]]
  ↳ /home/harrison/.rvm/gems/ruby-2.6.0/gems/activerecord-5.2.3/lib/active_record/log_subscriber.rb:98
  [1m[35m (27.0ms)[0m  [1m[36mcommit transaction[0m
  ↳ /home/harrison/.rvm/gems/ruby-2.6.0/gems/activerecord-5.2.3/lib/active_record/log_subscriber.rb:98
Redirected to http://localhost:3000/
Completed 302 Found in 48ms (ActiveRecord: 31.9ms)


Started GET "/" for ::1 at 2019-04-03 12:04:32 -0400
Processing by PagesController#home as HTML
  Rendering pages/home.html.haml within layouts/application
  Rendered pages/home.html.haml within layouts/application (1.8ms)
  Rendered layouts/_alerts.html.erb (0.5ms)
Completed 200 OK in 57ms (Views: 53.3ms | ActiveRecord: 0.0ms)


Started GET "/users/sign_up" for ::1 at 2019-04-03 12:04:34 -0400
Processing by Devise::RegistrationsController#new as HTML
  Rendering devise/registrations/new.html.erb within layouts/application
  Rendered devise/shared/_error_messages.html.erb (0.8ms)
  Rendered devise/shared/_links.html.erb (1.0ms)
  Rendered devise/registrations/new.html.erb within layouts/application (13.9ms)
  Rendered layouts/_alerts.html.erb (0.5ms)
Completed 200 OK in 73ms (Views: 71.8ms | ActiveRecord: 0.0ms)


Started GET "/users/sign_in" for ::1 at 2019-04-03 12:04:37 -0400
Processing by Devise::SessionsController#new as HTML
  Rendering devise/sessions/new.html.erb within layouts/application
  Rendered devise/shared/_links.html.erb (1.2ms)
  Rendered devise/sessions/new.html.erb within layouts/application (7.2ms)
  Rendered layouts/_alerts.html.erb (0.5ms)
Completed 200 OK in 65ms (Views: 63.1ms | ActiveRecord: 0.0ms)


Started POST "/users/sign_in" for ::1 at 2019-04-03 12:04:49 -0400
Processing by Devise::SessionsController#create as HTML
  Parameters: {"utf8"=>"✓", "authenticity_token"=>"FIfQv+hXqekA72VAgQ6Y/iXxF5Uhqi7KgxwVElNQo4HAbmqi2Xd+/WO2T6LXSkFpwvO02e5ZxOd7HBTUl/pnWw==", "user"=>{"email"=>"hj@test.com", "password"=>"[FILTERED]", "remember_me"=>"0"}, "commit"=>"Log in"}
  [1m[36mUser Load (0.5ms)[0m  [1m[34mSELECT  "users".* FROM "users" WHERE "users"."email" = ? ORDER BY "users"."id" ASC LIMIT ?[0m  [["email", "hj@test.com"], ["LIMIT", 1]]
  ↳ /home/harrison/.rvm/gems/ruby-2.6.0/gems/activerecord-5.2.3/lib/active_record/log_subscriber.rb:98
Completed 401 Unauthorized in 245ms (ActiveRecord: 0.5ms)


Processing by Devise::SessionsController#new as HTML
  Parameters: {"utf8"=>"✓", "authenticity_token"=>"FIfQv+hXqekA72VAgQ6Y/iXxF5Uhqi7KgxwVElNQo4HAbmqi2Xd+/WO2T6LXSkFpwvO02e5ZxOd7HBTUl/pnWw==", "user"=>{"email"=>"hj@test.com", "password"=>"[FILTERED]", "remember_me"=>"0"}, "commit"=>"Log in"}
  Rendering devise/sessions/new.html.erb within layouts/application
  Rendered devise/shared/_links.html.erb (2.0ms)
  Rendered devise/sessions/new.html.erb within layouts/application (15.3ms)
  Rendered layouts/_alerts.html.erb (0.9ms)
Completed 200 OK in 497ms (Views: 129.9ms | ActiveRecord: 0.0ms)


Started POST "/users/sign_in" for ::1 at 2019-04-03 12:05:06 -0400
Processing by Devise::SessionsController#create as HTML
  Parameters: {"utf8"=>"✓", "authenticity_token"=>"zmdGL9N3YCr6gwtUwUt166W8hfurIL0EVO/Lkcd/PqUajvwy4le3PpnaIbaXD6x8Qr4mt2TTVyms78pXA9X6fw==", "user"=>{"email"=>"hj@test.com", "password"=>"[FILTERED]", "remember_me"=>"0"}, "commit"=>"Log in"}
  [1m[36mUser Load (0.4ms)[0m  [1m[34mSELECT  "users".* FROM "users" WHERE "users"."email" = ? ORDER BY "users"."id" ASC LIMIT ?[0m  [["email", "hj@test.com"], ["LIMIT", 1]]
  ↳ /home/harrison/.rvm/gems/ruby-2.6.0/gems/activerecord-5.2.3/lib/active_record/log_subscriber.rb:98
Redirected to http://localhost:3000/
Completed 302 Found in 233ms (ActiveRecord: 0.4ms)


Started GET "/" for ::1 at 2019-04-03 12:05:06 -0400
Processing by PagesController#home as HTML
  Rendering pages/home.html.haml within layouts/application
  Rendered pages/home.html.haml within layouts/application (4.2ms)
  Rendered layouts/_alerts.html.erb (0.8ms)
Completed 200 OK in 108ms (Views: 102.6ms | ActiveRecord: 0.0ms)


Started GET "/" for ::1 at 2019-04-03 12:05:55 -0400
Processing by PagesController#home as HTML
  Rendering pages/home.html.haml within layouts/application
  Rendered pages/home.html.haml within layouts/application (401.2ms)
Completed 500 Internal Server Error in 416ms (ActiveRecord: 0.0ms)


  
ActionView::Template::Error (undefined local variable or method `curren_user' for #<#<Class:0x00007f8a9830f938>:0x00007f8aac6452d8>
Did you mean?  current_user):
    1: %h1 Pages#home
    2: 
    3: -if curren_user
    4:   =link_to 'Sign out', destroy_user_session_path, method: :delete
    5: 
    6: -else
  
app/views/pages/home.html.haml:3:in `_app_views_pages_home_html_haml__4173907063184598792_70116787236220'
Started GET "/" for ::1 at 2019-04-03 12:06:04 -0400
Processing by PagesController#home as HTML
  Rendering pages/home.html.haml within layouts/application
  [1m[36mUser Load (0.4ms)[0m  [1m[34mSELECT  "users".* FROM "users" WHERE "users"."id" = ? ORDER BY "users"."id" ASC LIMIT ?[0m  [["id", 1], ["LIMIT", 1]]
  ↳ app/views/pages/home.html.haml:3
  Rendered pages/home.html.haml within layouts/application (6.3ms)
  Rendered layouts/_alerts.html.erb (0.4ms)
Completed 200 OK in 77ms (Views: 73.9ms | ActiveRecord: 0.4ms)


Started DELETE "/users/sign_out" for ::1 at 2019-04-03 12:06:12 -0400
Processing by Devise::SessionsController#destroy as HTML
  Parameters: {"authenticity_token"=>"TFDOHQxTAwKp6XXoNd6sJgXFYEQ93w7dU/UZnMhkPzoIlWcEZLopo+XIvpmz7okxBbNYXiVX9xLy5AdfcWuRng=="}
  [1m[36mUser Load (0.3ms)[0m  [1m[34mSELECT  "users".* FROM "users" WHERE "users"."id" = ? ORDER BY "users"."id" ASC LIMIT ?[0m  [["id", 1], ["LIMIT", 1]]
  ↳ /home/harrison/.rvm/gems/ruby-2.6.0/gems/activerecord-5.2.3/lib/active_record/log_subscriber.rb:98
  [1m[35m (0.1ms)[0m  [1m[36mbegin transaction[0m
  ↳ /home/harrison/.rvm/gems/ruby-2.6.0/gems/activerecord-5.2.3/lib/active_record/log_subscriber.rb:98
  [1m[35m (0.1ms)[0m  [1m[36mcommit transaction[0m
  ↳ /home/harrison/.rvm/gems/ruby-2.6.0/gems/activerecord-5.2.3/lib/active_record/log_subscriber.rb:98
Redirected to http://localhost:3000/
Completed 302 Found in 13ms (ActiveRecord: 0.5ms)


Started GET "/" for ::1 at 2019-04-03 12:06:12 -0400
Processing by PagesController#home as HTML
  Rendering pages/home.html.haml within layouts/application
  Rendered pages/home.html.haml within layouts/application (3.5ms)
  Rendered layouts/_alerts.html.erb (1.0ms)
Completed 200 OK in 70ms (Views: 66.8ms | ActiveRecord: 0.0ms)


